<?xml version="1.0" encoding="UTF-8"?>
<testsuite xmlns:xsi="http://www.w3.org/2001/XMLSchema-instance" xsi:noNamespaceSchemaLocation="https://maven.apache.org/surefire/maven-surefire-plugin/xsd/surefire-test-report-3.0.xsd" version="3.0" name="com.demoblaze.qualityassurance.tests.AddToCarTest" time="33.335" tests="3" errors="0" skipped="0" failures="0">
  <properties>
[...]
</properties>
  <testcase name="addProductToCar" classname="com.demoblaze.qualityassurance.tests.AddToCarTest" time="20.899">
    <system-out><![CDATA[browser name is : chromium
]]></system-out>
    <system-err><![CDATA[SLF4J(W): No SLF4J providers were found.
SLF4J(W): Defaulting to no-operation (NOP) logger implementation
SLF4J(W): See https://www.slf4j.org/codes.html#noProviders for further details.
]]></system-err>
  </testcase>
  <testcase name="signUp_logIn" classname="com.demoblaze.qualityassurance.tests.AddToCarTest" time="5.909">
    <system-out><![CDATA[browser name is : chromium
]]></system-out>
  </testcase>
  <testcase name="completePurchase" classname="com.demoblaze.qualityassurance.tests.AddToCarTest" time="6.409">
    <system-out><![CDATA[browser name is : chromium
]]></system-out>
  </testcase>
</testsuite>